  stb_image_aug.c
c:\users\martin\documents\visual studio 2015\projects\cse_projekt\soil\src\stb_image_aug.c(177): warning C4996: 'fopen': This function or variable may be unsafe. Consider using fopen_s instead. To disable deprecation, use _CRT_SECURE_NO_WARNINGS. See online help for details.
  c:\program files (x86)\windows kits\10\include\10.0.10240.0\ucrt\stdio.h(205): note: Siehe Deklaration von "fopen"
c:\users\martin\documents\visual studio 2015\projects\cse_projekt\soil\src\stb_image_aug.c(251): warning C4996: 'fopen': This function or variable may be unsafe. Consider using fopen_s instead. To disable deprecation, use _CRT_SECURE_NO_WARNINGS. See online help for details.
  c:\program files (x86)\windows kits\10\include\10.0.10240.0\ucrt\stdio.h(205): note: Siehe Deklaration von "fopen"
c:\users\martin\documents\visual studio 2015\projects\cse_projekt\soil\src\stb_image_aug.c(303): warning C4996: 'fopen': This function or variable may be unsafe. Consider using fopen_s instead. To disable deprecation, use _CRT_SECURE_NO_WARNINGS. See online help for details.
  c:\program files (x86)\windows kits\10\include\10.0.10240.0\ucrt\stdio.h(205): note: Siehe Deklaration von "fopen"
c:\users\martin\documents\visual studio 2015\projects\cse_projekt\soil\src\stb_image_aug.c(1557): warning C4996: 'fopen': This function or variable may be unsafe. Consider using fopen_s instead. To disable deprecation, use _CRT_SECURE_NO_WARNINGS. See online help for details.
  c:\program files (x86)\windows kits\10\include\10.0.10240.0\ucrt\stdio.h(205): note: Siehe Deklaration von "fopen"
c:\users\martin\documents\visual studio 2015\projects\cse_projekt\soil\src\stb_image_aug.c(2394): warning C4996: 'fopen': This function or variable may be unsafe. Consider using fopen_s instead. To disable deprecation, use _CRT_SECURE_NO_WARNINGS. See online help for details.
  c:\program files (x86)\windows kits\10\include\10.0.10240.0\ucrt\stdio.h(205): note: Siehe Deklaration von "fopen"
c:\users\martin\documents\visual studio 2015\projects\cse_projekt\soil\src\stb_image_aug.c(2709): warning C4996: 'fopen': This function or variable may be unsafe. Consider using fopen_s instead. To disable deprecation, use _CRT_SECURE_NO_WARNINGS. See online help for details.
  c:\program files (x86)\windows kits\10\include\10.0.10240.0\ucrt\stdio.h(205): note: Siehe Deklaration von "fopen"
c:\users\martin\documents\visual studio 2015\projects\cse_projekt\soil\src\stb_image_aug.c(2995): warning C4996: 'fopen': This function or variable may be unsafe. Consider using fopen_s instead. To disable deprecation, use _CRT_SECURE_NO_WARNINGS. See online help for details.
  c:\program files (x86)\windows kits\10\include\10.0.10240.0\ucrt\stdio.h(205): note: Siehe Deklaration von "fopen"
c:\users\martin\documents\visual studio 2015\projects\cse_projekt\soil\src\stb_image_aug.c(3209): warning C4996: 'fopen': This function or variable may be unsafe. Consider using fopen_s instead. To disable deprecation, use _CRT_SECURE_NO_WARNINGS. See online help for details.
  c:\program files (x86)\windows kits\10\include\10.0.10240.0\ucrt\stdio.h(205): note: Siehe Deklaration von "fopen"
c:\users\martin\documents\visual studio 2015\projects\cse_projekt\soil\src\stb_image_aug.c(3548): warning C4996: 'fopen': This function or variable may be unsafe. Consider using fopen_s instead. To disable deprecation, use _CRT_SECURE_NO_WARNINGS. See online help for details.
  c:\program files (x86)\windows kits\10\include\10.0.10240.0\ucrt\stdio.h(205): note: Siehe Deklaration von "fopen"
c:\users\martin\documents\visual studio 2015\projects\cse_projekt\soil\src\stb_image_aug.c(3644): warning C4996: 'fopen': This function or variable may be unsafe. Consider using fopen_s instead. To disable deprecation, use _CRT_SECURE_NO_WARNINGS. See online help for details.
  c:\program files (x86)\windows kits\10\include\10.0.10240.0\ucrt\stdio.h(205): note: Siehe Deklaration von "fopen"
c:\users\martin\documents\visual studio 2015\projects\cse_projekt\soil\src\stbi_dds_aug_c.h(362): warning C4018: ">": Konflikt zwischen "signed" und "unsigned"
c:\users\martin\documents\visual studio 2015\projects\cse_projekt\soil\src\stbi_dds_aug_c.h(366): warning C4018: ">": Konflikt zwischen "signed" und "unsigned"
c:\users\martin\documents\visual studio 2015\projects\cse_projekt\soil\src\stbi_dds_aug_c.h(390): warning C4018: "<": Konflikt zwischen "signed" und "unsigned"
c:\users\martin\documents\visual studio 2015\projects\cse_projekt\soil\src\stbi_dds_aug_c.h(427): warning C4018: "<": Konflikt zwischen "signed" und "unsigned"
c:\users\martin\documents\visual studio 2015\projects\cse_projekt\soil\src\stbi_dds_aug_c.h(498): warning C4996: 'fopen': This function or variable may be unsafe. Consider using fopen_s instead. To disable deprecation, use _CRT_SECURE_NO_WARNINGS. See online help for details.
  c:\program files (x86)\windows kits\10\include\10.0.10240.0\ucrt\stdio.h(205): note: Siehe Deklaration von "fopen"
  SOIL.c
c:\users\martin\documents\visual studio 2015\projects\cse_projekt\soil\src\soil.c(1719): warning C4018: "<=": Konflikt zwischen "signed" und "unsigned"
c:\users\martin\documents\visual studio 2015\projects\cse_projekt\soil\src\soil.c(1729): warning C4018: "<": Konflikt zwischen "signed" und "unsigned"
c:\users\martin\documents\visual studio 2015\projects\cse_projekt\soil\src\soil.c(1841): warning C4996: 'fopen': This function or variable may be unsafe. Consider using fopen_s instead. To disable deprecation, use _CRT_SECURE_NO_WARNINGS. See online help for details.
  c:\program files (x86)\windows kits\10\include\10.0.10240.0\ucrt\stdio.h(205): note: Siehe Deklaration von "fopen"
  image_helper.c
c:\users\martin\documents\visual studio 2015\projects\cse_projekt\soil\src\image_helper.c(325): warning C4244: "Initialisierung": Konvertierung von "double" in "float", möglicher Datenverlust
c:\users\martin\documents\visual studio 2015\projects\cse_projekt\soil\src\image_helper.c(366): warning C4244: "=": Konvertierung von "double" in "float", möglicher Datenverlust
c:\users\martin\documents\visual studio 2015\projects\cse_projekt\soil\src\image_helper.c(373): warning C4244: "=": Konvertierung von "float" in "int", möglicher Datenverlust
c:\users\martin\documents\visual studio 2015\projects\cse_projekt\soil\src\image_helper.c(415): warning C4244: "=": Konvertierung von "double" in "float", möglicher Datenverlust
c:\users\martin\documents\visual studio 2015\projects\cse_projekt\soil\src\image_helper.c(422): warning C4244: "=": Konvertierung von "float" in "int", möglicher Datenverlust
  image_DXT.c
c:\users\martin\documents\visual studio 2015\projects\cse_projekt\soil\src\image_dxt.c(92): warning C4996: 'fopen': This function or variable may be unsafe. Consider using fopen_s instead. To disable deprecation, use _CRT_SECURE_NO_WARNINGS. See online help for details.
  c:\program files (x86)\windows kits\10\include\10.0.10240.0\ucrt\stdio.h(205): note: Siehe Deklaration von "fopen"
  Code wird generiert...
  SOIL.vcxproj -> C:\Users\Martin\Documents\Visual Studio 2015\Projects\CSE_Projekt\SOIL\projects\VC9\Debug\SOIL.lib
